ARM GAS  C:\Users\bboucham\AppData\Local\Temp\ccTqSVLF.s 			page 1


   1              		.syntax unified
   2              		.cpu cortex-m3
   3              		.fpu softvfp
   4              		.eabi_attribute 20, 1
   5              		.eabi_attribute 21, 1
   6              		.eabi_attribute 23, 3
   7              		.eabi_attribute 24, 1
   8              		.eabi_attribute 25, 1
   9              		.eabi_attribute 26, 1
  10              		.eabi_attribute 30, 1
  11              		.eabi_attribute 34, 1
  12              		.eabi_attribute 18, 4
  13              		.thumb
  14              		.syntax unified
  15              		.file	"cymetadata.c"
  16              		.text
  17              	.Ltext0:
  18              		.cfi_sections	.debug_frame
  19              		.global	cy_metadata
  20              		.global	cy_meta_flashprotect
  21              		.global	cy_meta_wonvl
  22              		.global	cy_meta_custnvl
  23              		.global	cy_meta_configecc
  24              		.section	.cyconfigecc,"a",%progbits
  25              		.align	2
  26              		.type	cy_meta_configecc, %object
  27              		.size	cy_meta_configecc, 1364
  28              	cy_meta_configecc:
  29 0000 03       		.byte	3
  30 0001 52       		.byte	82
  31 0002 00       		.byte	0
  32 0003 40       		.byte	64
  33 0004 02       		.byte	2
  34 0005 64       		.byte	100
  35 0006 00       		.byte	0
  36 0007 40       		.byte	64
  37 0008 02       		.byte	2
  38 0009 65       		.byte	101
  39 000a 00       		.byte	0
  40 000b 40       		.byte	64
  41 000c 52       		.byte	82
  42 000d 08       		.byte	8
  43 000e 01       		.byte	1
  44 000f 40       		.byte	64
  45 0010 38       		.byte	56
  46 0011 09       		.byte	9
  47 0012 01       		.byte	1
  48 0013 40       		.byte	64
  49 0014 31       		.byte	49
  50 0015 0A       		.byte	10
  51 0016 01       		.byte	1
  52 0017 40       		.byte	64
  53 0018 24       		.byte	36
  54 0019 0B       		.byte	11
  55 001a 01       		.byte	1
  56 001b 40       		.byte	64
  57 001c 2A       		.byte	42
ARM GAS  C:\Users\bboucham\AppData\Local\Temp\ccTqSVLF.s 			page 2


  58 001d 14       		.byte	20
  59 001e 01       		.byte	1
  60 001f 40       		.byte	64
  61 0020 14       		.byte	20
  62 0021 15       		.byte	21
  63 0022 01       		.byte	1
  64 0023 40       		.byte	64
  65 0024 1E       		.byte	30
  66 0025 16       		.byte	22
  67 0026 01       		.byte	1
  68 0027 40       		.byte	64
  69 0028 10       		.byte	16
  70 0029 17       		.byte	23
  71 002a 01       		.byte	1
  72 002b 40       		.byte	64
  73 002c 52       		.byte	82
  74 002d 18       		.byte	24
  75 002e 01       		.byte	1
  76 002f 40       		.byte	64
  77 0030 34       		.byte	52
  78 0031 19       		.byte	25
  79 0032 01       		.byte	1
  80 0033 40       		.byte	64
  81 0034 48       		.byte	72
  82 0035 1A       		.byte	26
  83 0036 01       		.byte	1
  84 0037 40       		.byte	64
  85 0038 33       		.byte	51
  86 0039 1B       		.byte	27
  87 003a 01       		.byte	1
  88 003b 40       		.byte	64
  89 003c 02       		.byte	2
  90 003d 45       		.byte	69
  91 003e 01       		.byte	1
  92 003f 40       		.byte	64
  93 0040 02       		.byte	2
  94 0041 46       		.byte	70
  95 0042 01       		.byte	1
  96 0043 40       		.byte	64
  97 0044 03       		.byte	3
  98 0045 48       		.byte	72
  99 0046 01       		.byte	1
 100 0047 40       		.byte	64
 101 0048 03       		.byte	3
 102 0049 49       		.byte	73
 103 004a 01       		.byte	1
 104 004b 40       		.byte	64
 105 004c 04       		.byte	4
 106 004d 4C       		.byte	76
 107 004e 01       		.byte	1
 108 004f 40       		.byte	64
 109 0050 04       		.byte	4
 110 0051 4D       		.byte	77
 111 0052 01       		.byte	1
 112 0053 40       		.byte	64
 113 0054 09       		.byte	9
 114 0055 50       		.byte	80
ARM GAS  C:\Users\bboucham\AppData\Local\Temp\ccTqSVLF.s 			page 3


 115 0056 01       		.byte	1
 116 0057 40       		.byte	64
 117 0058 11       		.byte	17
 118 0059 01       		.byte	1
 119 005a 60       		.byte	96
 120 005b 80       		.byte	-128
 121 005c 61       		.byte	97
 122 005d 80       		.byte	-128
 123 005e 88       		.byte	-120
 124 005f 0F       		.byte	15
 125 0060 89       		.byte	-119
 126 0061 0D       		.byte	13
 127 0062 86       		.byte	-122
 128 0063 0D       		.byte	13
 129 0064 88       		.byte	-120
 130 0065 0F       		.byte	15
 131 0066 01       		.byte	1
 132 0067 01       		.byte	1
 133 0068 02       		.byte	2
 134 0069 10       		.byte	16
 135 006a 06       		.byte	6
 136 006b 05       		.byte	5
 137 006c 07       		.byte	7
 138 006d 28       		.byte	40
 139 006e 08       		.byte	8
 140 006f 03       		.byte	3
 141 0070 0A       		.byte	10
 142 0071 0C       		.byte	12
 143 0072 0B       		.byte	11
 144 0073 08       		.byte	8
 145 0074 0E       		.byte	14
 146 0075 08       		.byte	8
 147 0076 0F       		.byte	15
 148 0077 30       		.byte	48
 149 0078 10       		.byte	16
 150 0079 03       		.byte	3
 151 007a 12       		.byte	18
 152 007b 04       		.byte	4
 153 007c 13       		.byte	19
 154 007d 18       		.byte	24
 155 007e 14       		.byte	20
 156 007f 0A       		.byte	10
 157 0080 15       		.byte	21
 158 0081 06       		.byte	6
 159 0082 16       		.byte	22
 160 0083 04       		.byte	4
 161 0084 19       		.byte	25
 162 0085 30       		.byte	48
 163 0086 1A       		.byte	26
 164 0087 10       		.byte	16
 165 0088 1B       		.byte	27
 166 0089 08       		.byte	8
 167 008a 1D       		.byte	29
 168 008b 04       		.byte	4
 169 008c 1E       		.byte	30
 170 008d 10       		.byte	16
 171 008e 20       		.byte	32
ARM GAS  C:\Users\bboucham\AppData\Local\Temp\ccTqSVLF.s 			page 4


 172 008f 03       		.byte	3
 173 0090 22       		.byte	34
 174 0091 04       		.byte	4
 175 0092 23       		.byte	35
 176 0093 10       		.byte	16
 177 0094 24       		.byte	36
 178 0095 10       		.byte	16
 179 0096 25       		.byte	37
 180 0097 06       		.byte	6
 181 0098 28       		.byte	40
 182 0099 10       		.byte	16
 183 009a 2F       		.byte	47
 184 009b 02       		.byte	2
 185 009c 30       		.byte	48
 186 009d 10       		.byte	16
 187 009e 33       		.byte	51
 188 009f 06       		.byte	6
 189 00a0 34       		.byte	52
 190 00a1 0F       		.byte	15
 191 00a2 35       		.byte	53
 192 00a3 01       		.byte	1
 193 00a4 37       		.byte	55
 194 00a5 38       		.byte	56
 195 00a6 39       		.byte	57
 196 00a7 08       		.byte	8
 197 00a8 3A       		.byte	58
 198 00a9 20       		.byte	32
 199 00aa 3B       		.byte	59
 200 00ab 80       		.byte	-128
 201 00ac 3E       		.byte	62
 202 00ad 01       		.byte	1
 203 00ae 3F       		.byte	63
 204 00af 14       		.byte	20
 205 00b0 40       		.byte	64
 206 00b1 02       		.byte	2
 207 00b2 45       		.byte	69
 208 00b3 40       		.byte	64
 209 00b4 49       		.byte	73
 210 00b5 FF       		.byte	-1
 211 00b6 4A       		.byte	74
 212 00b7 07       		.byte	7
 213 00b8 4B       		.byte	75
 214 00b9 FF       		.byte	-1
 215 00ba 4C       		.byte	76
 216 00bb 40       		.byte	64
 217 00bc 4D       		.byte	77
 218 00bd 20       		.byte	32
 219 00be 4E       		.byte	78
 220 00bf F0       		.byte	-16
 221 00c0 4F       		.byte	79
 222 00c1 05       		.byte	5
 223 00c2 50       		.byte	80
 224 00c3 08       		.byte	8
 225 00c4 54       		.byte	84
 226 00c5 01       		.byte	1
 227 00c6 58       		.byte	88
 228 00c7 04       		.byte	4
ARM GAS  C:\Users\bboucham\AppData\Local\Temp\ccTqSVLF.s 			page 5


 229 00c8 59       		.byte	89
 230 00c9 04       		.byte	4
 231 00ca 5A       		.byte	90
 232 00cb 04       		.byte	4
 233 00cc 5B       		.byte	91
 234 00cd 04       		.byte	4
 235 00ce 5D       		.byte	93
 236 00cf 11       		.byte	17
 237 00d0 5F       		.byte	95
 238 00d1 01       		.byte	1
 239 00d2 60       		.byte	96
 240 00d3 40       		.byte	64
 241 00d4 61       		.byte	97
 242 00d5 A8       		.byte	-88
 243 00d6 62       		.byte	98
 244 00d7 40       		.byte	64
 245 00d8 63       		.byte	99
 246 00d9 20       		.byte	32
 247 00da 8E       		.byte	-114
 248 00db 01       		.byte	1
 249 00dc 96       		.byte	-106
 250 00dd 01       		.byte	1
 251 00de B6       		.byte	-74
 252 00df 01       		.byte	1
 253 00e0 BE       		.byte	-66
 254 00e1 40       		.byte	64
 255 00e2 C0       		.byte	-64
 256 00e3 03       		.byte	3
 257 00e4 C6       		.byte	-58
 258 00e5 04       		.byte	4
 259 00e6 C9       		.byte	-55
 260 00e7 FF       		.byte	-1
 261 00e8 CA       		.byte	-54
 262 00e9 07       		.byte	7
 263 00ea CB       		.byte	-53
 264 00eb FF       		.byte	-1
 265 00ec CC       		.byte	-52
 266 00ed 40       		.byte	64
 267 00ee CD       		.byte	-51
 268 00ef 20       		.byte	32
 269 00f0 CE       		.byte	-50
 270 00f1 F0       		.byte	-16
 271 00f2 CF       		.byte	-49
 272 00f3 05       		.byte	5
 273 00f4 D0       		.byte	-48
 274 00f5 08       		.byte	8
 275 00f6 D4       		.byte	-44
 276 00f7 01       		.byte	1
 277 00f8 D8       		.byte	-40
 278 00f9 04       		.byte	4
 279 00fa DA       		.byte	-38
 280 00fb 04       		.byte	4
 281 00fc DB       		.byte	-37
 282 00fd 04       		.byte	4
 283 00fe DD       		.byte	-35
 284 00ff 90       		.byte	-112
 285 0100 DF       		.byte	-33
ARM GAS  C:\Users\bboucham\AppData\Local\Temp\ccTqSVLF.s 			page 6


 286 0101 01       		.byte	1
 287 0102 E0       		.byte	-32
 288 0103 40       		.byte	64
 289 0104 E1       		.byte	-31
 290 0105 A8       		.byte	-88
 291 0106 E2       		.byte	-30
 292 0107 40       		.byte	64
 293 0108 E3       		.byte	-29
 294 0109 20       		.byte	32
 295 010a 00       		.byte	0
 296 010b 20       		.byte	32
 297 010c 02       		.byte	2
 298 010d 09       		.byte	9
 299 010e 04       		.byte	4
 300 010f 40       		.byte	64
 301 0110 05       		.byte	5
 302 0111 18       		.byte	24
 303 0112 06       		.byte	6
 304 0113 80       		.byte	-128
 305 0114 08       		.byte	8
 306 0115 28       		.byte	40
 307 0116 0B       		.byte	11
 308 0117 04       		.byte	4
 309 0118 0C       		.byte	12
 310 0119 40       		.byte	64
 311 011a 0D       		.byte	13
 312 011b 02       		.byte	2
 313 011c 0E       		.byte	14
 314 011d 20       		.byte	32
 315 011e 0F       		.byte	15
 316 011f 04       		.byte	4
 317 0120 16       		.byte	22
 318 0121 08       		.byte	8
 319 0122 17       		.byte	23
 320 0123 05       		.byte	5
 321 0124 19       		.byte	25
 322 0125 80       		.byte	-128
 323 0126 1D       		.byte	29
 324 0127 30       		.byte	48
 325 0128 1E       		.byte	30
 326 0129 44       		.byte	68
 327 012a 27       		.byte	39
 328 012b 19       		.byte	25
 329 012c 2C       		.byte	44
 330 012d 82       		.byte	-126
 331 012e 2E       		.byte	46
 332 012f 88       		.byte	-120
 333 0130 2F       		.byte	47
 334 0131 10       		.byte	16
 335 0132 34       		.byte	52
 336 0133 40       		.byte	64
 337 0134 36       		.byte	54
 338 0135 94       		.byte	-108
 339 0136 37       		.byte	55
 340 0137 05       		.byte	5
 341 0138 3C       		.byte	60
 342 0139 60       		.byte	96
ARM GAS  C:\Users\bboucham\AppData\Local\Temp\ccTqSVLF.s 			page 7


 343 013a 3D       		.byte	61
 344 013b 01       		.byte	1
 345 013c 3E       		.byte	62
 346 013d 04       		.byte	4
 347 013e 40       		.byte	64
 348 013f 10       		.byte	16
 349 0140 47       		.byte	71
 350 0141 10       		.byte	16
 351 0142 48       		.byte	72
 352 0143 10       		.byte	16
 353 0144 49       		.byte	73
 354 0145 08       		.byte	8
 355 0146 4F       		.byte	79
 356 0147 02       		.byte	2
 357 0148 50       		.byte	80
 358 0149 80       		.byte	-128
 359 014a 54       		.byte	84
 360 014b 02       		.byte	2
 361 014c 56       		.byte	86
 362 014d 02       		.byte	2
 363 014e 59       		.byte	89
 364 014f 85       		.byte	-123
 365 0150 5C       		.byte	92
 366 0151 20       		.byte	32
 367 0152 5D       		.byte	93
 368 0153 01       		.byte	1
 369 0154 5E       		.byte	94
 370 0155 40       		.byte	64
 371 0156 5F       		.byte	95
 372 0157 08       		.byte	8
 373 0158 90       		.byte	-112
 374 0159 40       		.byte	64
 375 015a 96       		.byte	-106
 376 015b 04       		.byte	4
 377 015c 9F       		.byte	-97
 378 015d 01       		.byte	1
 379 015e A1       		.byte	-95
 380 015f 02       		.byte	2
 381 0160 A2       		.byte	-94
 382 0161 10       		.byte	16
 383 0162 A3       		.byte	-93
 384 0163 20       		.byte	32
 385 0164 A4       		.byte	-92
 386 0165 80       		.byte	-128
 387 0166 A5       		.byte	-91
 388 0167 20       		.byte	32
 389 0168 A6       		.byte	-90
 390 0169 08       		.byte	8
 391 016a C0       		.byte	-64
 392 016b F1       		.byte	-15
 393 016c C2       		.byte	-62
 394 016d F4       		.byte	-12
 395 016e C4       		.byte	-60
 396 016f 70       		.byte	112
 397 0170 CA       		.byte	-54
 398 0171 D0       		.byte	-48
 399 0172 CC       		.byte	-52
ARM GAS  C:\Users\bboucham\AppData\Local\Temp\ccTqSVLF.s 			page 8


 400 0173 F0       		.byte	-16
 401 0174 CE       		.byte	-50
 402 0175 F0       		.byte	-16
 403 0176 D0       		.byte	-48
 404 0177 22       		.byte	34
 405 0178 D6       		.byte	-42
 406 0179 FB       		.byte	-5
 407 017a 18       		.byte	24
 408 017b 01       		.byte	1
 409 017c 36       		.byte	54
 410 017d 01       		.byte	1
 411 017e 3E       		.byte	62
 412 017f 40       		.byte	64
 413 0180 58       		.byte	88
 414 0181 04       		.byte	4
 415 0182 5F       		.byte	95
 416 0183 01       		.byte	1
 417 0184 85       		.byte	-123
 418 0185 01       		.byte	1
 419 0186 86       		.byte	-122
 420 0187 03       		.byte	3
 421 0188 87       		.byte	-121
 422 0189 06       		.byte	6
 423 018a 88       		.byte	-120
 424 018b 40       		.byte	64
 425 018c 8C       		.byte	-116
 426 018d 09       		.byte	9
 427 018e 8E       		.byte	-114
 428 018f 10       		.byte	16
 429 0190 8F       		.byte	-113
 430 0191 0C       		.byte	12
 431 0192 91       		.byte	-111
 432 0193 01       		.byte	1
 433 0194 93       		.byte	-109
 434 0195 0E       		.byte	14
 435 0196 94       		.byte	-108
 436 0197 1C       		.byte	28
 437 0198 96       		.byte	-106
 438 0199 22       		.byte	34
 439 019a 97       		.byte	-105
 440 019b 03       		.byte	3
 441 019c 99       		.byte	-103
 442 019d 0C       		.byte	12
 443 019e 9B       		.byte	-101
 444 019f 03       		.byte	3
 445 01a0 9C       		.byte	-100
 446 01a1 10       		.byte	16
 447 01a2 A0       		.byte	-96
 448 01a3 2C       		.byte	44
 449 01a4 A2       		.byte	-94
 450 01a5 11       		.byte	17
 451 01a6 A3       		.byte	-93
 452 01a7 08       		.byte	8
 453 01a8 A4       		.byte	-92
 454 01a9 30       		.byte	48
 455 01aa A6       		.byte	-90
 456 01ab 0C       		.byte	12
ARM GAS  C:\Users\bboucham\AppData\Local\Temp\ccTqSVLF.s 			page 9


 457 01ac A8       		.byte	-88
 458 01ad 14       		.byte	20
 459 01ae B0       		.byte	-80
 460 01af 60       		.byte	96
 461 01b0 B2       		.byte	-78
 462 01b1 1F       		.byte	31
 463 01b2 B5       		.byte	-75
 464 01b3 0F       		.byte	15
 465 01b4 B8       		.byte	-72
 466 01b5 02       		.byte	2
 467 01b6 BB       		.byte	-69
 468 01b7 20       		.byte	32
 469 01b8 C0       		.byte	-64
 470 01b9 26       		.byte	38
 471 01ba C1       		.byte	-63
 472 01bb 04       		.byte	4
 473 01bc C6       		.byte	-58
 474 01bd E0       		.byte	-32
 475 01be C7       		.byte	-57
 476 01bf CB       		.byte	-53
 477 01c0 C8       		.byte	-56
 478 01c1 38       		.byte	56
 479 01c2 C9       		.byte	-55
 480 01c3 FF       		.byte	-1
 481 01c4 CA       		.byte	-54
 482 01c5 FF       		.byte	-1
 483 01c6 CB       		.byte	-53
 484 01c7 FF       		.byte	-1
 485 01c8 CE       		.byte	-50
 486 01c9 F0       		.byte	-16
 487 01ca CF       		.byte	-49
 488 01cb 44       		.byte	68
 489 01cc D0       		.byte	-48
 490 01cd 0C       		.byte	12
 491 01ce D8       		.byte	-40
 492 01cf 04       		.byte	4
 493 01d0 D9       		.byte	-39
 494 01d1 04       		.byte	4
 495 01d2 DA       		.byte	-38
 496 01d3 04       		.byte	4
 497 01d4 DF       		.byte	-33
 498 01d5 01       		.byte	1
 499 01d6 E6       		.byte	-26
 500 01d7 C0       		.byte	-64
 501 01d8 EA       		.byte	-22
 502 01d9 40       		.byte	64
 503 01da EB       		.byte	-21
 504 01db 02       		.byte	2
 505 01dc 04       		.byte	4
 506 01dd 40       		.byte	64
 507 01de 05       		.byte	5
 508 01df 04       		.byte	4
 509 01e0 07       		.byte	7
 510 01e1 04       		.byte	4
 511 01e2 0B       		.byte	11
 512 01e3 08       		.byte	8
 513 01e4 0C       		.byte	12
ARM GAS  C:\Users\bboucham\AppData\Local\Temp\ccTqSVLF.s 			page 10


 514 01e5 80       		.byte	-128
 515 01e6 0E       		.byte	14
 516 01e7 20       		.byte	32
 517 01e8 15       		.byte	21
 518 01e9 04       		.byte	4
 519 01ea 16       		.byte	22
 520 01eb 04       		.byte	4
 521 01ec 17       		.byte	23
 522 01ed 01       		.byte	1
 523 01ee 19       		.byte	25
 524 01ef 40       		.byte	64
 525 01f0 1C       		.byte	28
 526 01f1 40       		.byte	64
 527 01f2 1D       		.byte	29
 528 01f3 04       		.byte	4
 529 01f4 1F       		.byte	31
 530 01f5 04       		.byte	4
 531 01f6 26       		.byte	38
 532 01f7 10       		.byte	16
 533 01f8 2C       		.byte	44
 534 01f9 80       		.byte	-128
 535 01fa 36       		.byte	54
 536 01fb 18       		.byte	24
 537 01fc 37       		.byte	55
 538 01fd 05       		.byte	5
 539 01fe 3C       		.byte	60
 540 01ff 40       		.byte	64
 541 0200 3D       		.byte	61
 542 0201 04       		.byte	4
 543 0202 3E       		.byte	62
 544 0203 04       		.byte	4
 545 0204 45       		.byte	69
 546 0205 20       		.byte	32
 547 0206 47       		.byte	71
 548 0207 01       		.byte	1
 549 0208 4E       		.byte	78
 550 0209 08       		.byte	8
 551 020a 55       		.byte	85
 552 020b 02       		.byte	2
 553 020c 56       		.byte	86
 554 020d 04       		.byte	4
 555 020e 57       		.byte	87
 556 020f 20       		.byte	32
 557 0210 85       		.byte	-123
 558 0211 40       		.byte	64
 559 0212 C0       		.byte	-64
 560 0213 E0       		.byte	-32
 561 0214 C2       		.byte	-62
 562 0215 A2       		.byte	-94
 563 0216 C4       		.byte	-60
 564 0217 70       		.byte	112
 565 0218 CA       		.byte	-54
 566 0219 80       		.byte	-128
 567 021a CC       		.byte	-52
 568 021b E0       		.byte	-32
 569 021c CE       		.byte	-50
 570 021d 50       		.byte	80
ARM GAS  C:\Users\bboucham\AppData\Local\Temp\ccTqSVLF.s 			page 11


 571 021e D0       		.byte	-48
 572 021f A0       		.byte	-96
 573 0220 D2       		.byte	-46
 574 0221 20       		.byte	32
 575 0222 E4       		.byte	-28
 576 0223 08       		.byte	8
 577 0224 40       		.byte	64
 578 0225 54       		.byte	84
 579 0226 49       		.byte	73
 580 0227 FF       		.byte	-1
 581 0228 4A       		.byte	74
 582 0229 FF       		.byte	-1
 583 022a 4B       		.byte	75
 584 022b FF       		.byte	-1
 585 022c 4F       		.byte	79
 586 022d 01       		.byte	1
 587 022e 50       		.byte	80
 588 022f 18       		.byte	24
 589 0230 52       		.byte	82
 590 0231 80       		.byte	-128
 591 0232 5A       		.byte	90
 592 0233 0A       		.byte	10
 593 0234 5B       		.byte	91
 594 0235 0B       		.byte	11
 595 0236 5D       		.byte	93
 596 0237 99       		.byte	-103
 597 0238 5F       		.byte	95
 598 0239 01       		.byte	1
 599 023a 60       		.byte	96
 600 023b 40       		.byte	64
 601 023c 62       		.byte	98
 602 023d 40       		.byte	64
 603 023e 64       		.byte	100
 604 023f 40       		.byte	64
 605 0240 65       		.byte	101
 606 0241 40       		.byte	64
 607 0242 66       		.byte	102
 608 0243 80       		.byte	-128
 609 0244 68       		.byte	104
 610 0245 80       		.byte	-128
 611 0246 6A       		.byte	106
 612 0247 80       		.byte	-128
 613 0248 6C       		.byte	108
 614 0249 80       		.byte	-128
 615 024a 6E       		.byte	110
 616 024b 80       		.byte	-128
 617 024c C0       		.byte	-64
 618 024d 54       		.byte	84
 619 024e C9       		.byte	-55
 620 024f FF       		.byte	-1
 621 0250 CA       		.byte	-54
 622 0251 FF       		.byte	-1
 623 0252 CB       		.byte	-53
 624 0253 FF       		.byte	-1
 625 0254 CD       		.byte	-51
 626 0255 83       		.byte	-125
 627 0256 CE       		.byte	-50
ARM GAS  C:\Users\bboucham\AppData\Local\Temp\ccTqSVLF.s 			page 12


 628 0257 03       		.byte	3
 629 0258 CF       		.byte	-49
 630 0259 01       		.byte	1
 631 025a D0       		.byte	-48
 632 025b 18       		.byte	24
 633 025c D6       		.byte	-42
 634 025d 08       		.byte	8
 635 025e DA       		.byte	-38
 636 025f 09       		.byte	9
 637 0260 DB       		.byte	-37
 638 0261 04       		.byte	4
 639 0262 DD       		.byte	-35
 640 0263 99       		.byte	-103
 641 0264 DF       		.byte	-33
 642 0265 01       		.byte	1
 643 0266 E0       		.byte	-32
 644 0267 40       		.byte	64
 645 0268 E2       		.byte	-30
 646 0269 40       		.byte	64
 647 026a E4       		.byte	-28
 648 026b 40       		.byte	64
 649 026c E5       		.byte	-27
 650 026d 40       		.byte	64
 651 026e E6       		.byte	-26
 652 026f 80       		.byte	-128
 653 0270 E8       		.byte	-24
 654 0271 80       		.byte	-128
 655 0272 EA       		.byte	-22
 656 0273 80       		.byte	-128
 657 0274 EC       		.byte	-20
 658 0275 80       		.byte	-128
 659 0276 EE       		.byte	-18
 660 0277 80       		.byte	-128
 661 0278 42       		.byte	66
 662 0279 80       		.byte	-128
 663 027a 46       		.byte	70
 664 027b 80       		.byte	-128
 665 027c 48       		.byte	72
 666 027d 02       		.byte	2
 667 027e 4C       		.byte	76
 668 027f 02       		.byte	2
 669 0280 5E       		.byte	94
 670 0281 A0       		.byte	-96
 671 0282 64       		.byte	100
 672 0283 05       		.byte	5
 673 0284 67       		.byte	103
 674 0285 08       		.byte	8
 675 0286 70       		.byte	112
 676 0287 02       		.byte	2
 677 0288 78       		.byte	120
 678 0289 05       		.byte	5
 679 028a 7F       		.byte	127
 680 028b 04       		.byte	4
 681 028c 97       		.byte	-105
 682 028d 08       		.byte	8
 683 028e 9A       		.byte	-102
 684 028f 80       		.byte	-128
ARM GAS  C:\Users\bboucham\AppData\Local\Temp\ccTqSVLF.s 			page 13


 685 0290 A2       		.byte	-94
 686 0291 50       		.byte	80
 687 0292 A4       		.byte	-92
 688 0293 02       		.byte	2
 689 0294 AE       		.byte	-82
 690 0295 50       		.byte	80
 691 0296 D0       		.byte	-48
 692 0297 81       		.byte	-127
 693 0298 D2       		.byte	-46
 694 0299 18       		.byte	24
 695 029a D6       		.byte	-42
 696 029b 30       		.byte	48
 697 029c D8       		.byte	-40
 698 029d 30       		.byte	48
 699 029e DE       		.byte	-34
 700 029f 23       		.byte	35
 701 02a0 0F       		.byte	15
 702 02a1 01       		.byte	1
 703 02a2 2F       		.byte	47
 704 02a3 01       		.byte	1
 705 02a4 31       		.byte	49
 706 02a5 01       		.byte	1
 707 02a6 3F       		.byte	63
 708 02a7 01       		.byte	1
 709 02a8 40       		.byte	64
 710 02a9 54       		.byte	84
 711 02aa 45       		.byte	69
 712 02ab EC       		.byte	-20
 713 02ac 46       		.byte	70
 714 02ad 02       		.byte	2
 715 02ae 48       		.byte	72
 716 02af 07       		.byte	7
 717 02b0 49       		.byte	73
 718 02b1 FF       		.byte	-1
 719 02b2 4A       		.byte	74
 720 02b3 FF       		.byte	-1
 721 02b4 4B       		.byte	75
 722 02b5 FF       		.byte	-1
 723 02b6 4D       		.byte	77
 724 02b7 83       		.byte	-125
 725 02b8 4E       		.byte	78
 726 02b9 03       		.byte	3
 727 02ba 4F       		.byte	79
 728 02bb 01       		.byte	1
 729 02bc 50       		.byte	80
 730 02bd 18       		.byte	24
 731 02be 54       		.byte	84
 732 02bf 01       		.byte	1
 733 02c0 59       		.byte	89
 734 02c1 04       		.byte	4
 735 02c2 5A       		.byte	90
 736 02c3 09       		.byte	9
 737 02c4 5B       		.byte	91
 738 02c5 09       		.byte	9
 739 02c6 5D       		.byte	93
 740 02c7 99       		.byte	-103
 741 02c8 5F       		.byte	95
ARM GAS  C:\Users\bboucham\AppData\Local\Temp\ccTqSVLF.s 			page 14


 742 02c9 01       		.byte	1
 743 02ca 60       		.byte	96
 744 02cb 40       		.byte	64
 745 02cc 62       		.byte	98
 746 02cd 40       		.byte	64
 747 02ce 64       		.byte	100
 748 02cf 40       		.byte	64
 749 02d0 65       		.byte	101
 750 02d1 40       		.byte	64
 751 02d2 66       		.byte	102
 752 02d3 80       		.byte	-128
 753 02d4 68       		.byte	104
 754 02d5 80       		.byte	-128
 755 02d6 6A       		.byte	106
 756 02d7 80       		.byte	-128
 757 02d8 6C       		.byte	108
 758 02d9 80       		.byte	-128
 759 02da 6E       		.byte	110
 760 02db 80       		.byte	-128
 761 02dc 24       		.byte	36
 762 02dd 40       		.byte	64
 763 02de 2C       		.byte	44
 764 02df 02       		.byte	2
 765 02e0 3E       		.byte	62
 766 02e1 80       		.byte	-128
 767 02e2 46       		.byte	70
 768 02e3 80       		.byte	-128
 769 02e4 4C       		.byte	76
 770 02e5 02       		.byte	2
 771 02e6 4F       		.byte	79
 772 02e7 05       		.byte	5
 773 02e8 56       		.byte	86
 774 02e9 80       		.byte	-128
 775 02ea 5C       		.byte	92
 776 02eb 40       		.byte	64
 777 02ec 5F       		.byte	95
 778 02ed 05       		.byte	5
 779 02ee 7F       		.byte	127
 780 02ef 04       		.byte	4
 781 02f0 CA       		.byte	-54
 782 02f1 10       		.byte	16
 783 02f2 CE       		.byte	-50
 784 02f3 10       		.byte	16
 785 02f4 D0       		.byte	-48
 786 02f5 80       		.byte	-128
 787 02f6 D2       		.byte	-46
 788 02f7 10       		.byte	16
 789 02f8 D6       		.byte	-42
 790 02f9 D0       		.byte	-48
 791 02fa DE       		.byte	-34
 792 02fb 20       		.byte	32
 793 02fc 02       		.byte	2
 794 02fd 10       		.byte	16
 795 02fe 03       		.byte	3
 796 02ff 08       		.byte	8
 797 0300 05       		.byte	5
 798 0301 30       		.byte	48
ARM GAS  C:\Users\bboucham\AppData\Local\Temp\ccTqSVLF.s 			page 15


 799 0302 06       		.byte	6
 800 0303 01       		.byte	1
 801 0304 08       		.byte	8
 802 0305 01       		.byte	1
 803 0306 0B       		.byte	11
 804 0307 10       		.byte	16
 805 0308 0E       		.byte	14
 806 0309 0A       		.byte	10
 807 030a 11       		.byte	17
 808 030b 30       		.byte	48
 809 030c 12       		.byte	18
 810 030d 01       		.byte	1
 811 030e 15       		.byte	21
 812 030f 01       		.byte	1
 813 0310 16       		.byte	22
 814 0311 01       		.byte	1
 815 0312 17       		.byte	23
 816 0313 0E       		.byte	14
 817 0314 18       		.byte	24
 818 0315 06       		.byte	6
 819 0316 19       		.byte	25
 820 0317 20       		.byte	32
 821 0318 1A       		.byte	26
 822 0319 08       		.byte	8
 823 031a 1C       		.byte	28
 824 031b 14       		.byte	20
 825 031c 1D       		.byte	29
 826 031d 0C       		.byte	12
 827 031e 1E       		.byte	30
 828 031f 08       		.byte	8
 829 0320 1F       		.byte	31
 830 0321 03       		.byte	3
 831 0322 20       		.byte	32
 832 0323 01       		.byte	1
 833 0324 23       		.byte	35
 834 0325 03       		.byte	3
 835 0326 24       		.byte	36
 836 0327 06       		.byte	6
 837 0328 25       		.byte	37
 838 0329 40       		.byte	64
 839 032a 26       		.byte	38
 840 032b 08       		.byte	8
 841 032c 28       		.byte	40
 842 032d 06       		.byte	6
 843 032e 29       		.byte	41
 844 032f 01       		.byte	1
 845 0330 2A       		.byte	42
 846 0331 18       		.byte	24
 847 0332 2B       		.byte	43
 848 0333 06       		.byte	6
 849 0334 2F       		.byte	47
 850 0335 0C       		.byte	12
 851 0336 30       		.byte	48
 852 0337 01       		.byte	1
 853 0338 33       		.byte	51
 854 0339 30       		.byte	48
 855 033a 34       		.byte	52
ARM GAS  C:\Users\bboucham\AppData\Local\Temp\ccTqSVLF.s 			page 16


 856 033b 1E       		.byte	30
 857 033c 35       		.byte	53
 858 033d 40       		.byte	64
 859 033e 37       		.byte	55
 860 033f 0F       		.byte	15
 861 0340 39       		.byte	57
 862 0341 08       		.byte	8
 863 0342 3A       		.byte	58
 864 0343 20       		.byte	32
 865 0344 3B       		.byte	59
 866 0345 80       		.byte	-128
 867 0346 3E       		.byte	62
 868 0347 01       		.byte	1
 869 0348 3F       		.byte	63
 870 0349 14       		.byte	20
 871 034a 40       		.byte	64
 872 034b 21       		.byte	33
 873 034c 49       		.byte	73
 874 034d FF       		.byte	-1
 875 034e 4A       		.byte	74
 876 034f FF       		.byte	-1
 877 0350 4B       		.byte	75
 878 0351 FF       		.byte	-1
 879 0352 4F       		.byte	79
 880 0353 01       		.byte	1
 881 0354 50       		.byte	80
 882 0355 18       		.byte	24
 883 0356 54       		.byte	84
 884 0357 01       		.byte	1
 885 0358 58       		.byte	88
 886 0359 04       		.byte	4
 887 035a 59       		.byte	89
 888 035b 04       		.byte	4
 889 035c 5A       		.byte	90
 890 035d 04       		.byte	4
 891 035e 5B       		.byte	91
 892 035f 04       		.byte	4
 893 0360 5C       		.byte	92
 894 0361 11       		.byte	17
 895 0362 5D       		.byte	93
 896 0363 09       		.byte	9
 897 0364 5F       		.byte	95
 898 0365 01       		.byte	1
 899 0366 60       		.byte	96
 900 0367 40       		.byte	64
 901 0368 62       		.byte	98
 902 0369 40       		.byte	64
 903 036a 64       		.byte	100
 904 036b 40       		.byte	64
 905 036c 65       		.byte	101
 906 036d 40       		.byte	64
 907 036e 66       		.byte	102
 908 036f 80       		.byte	-128
 909 0370 68       		.byte	104
 910 0371 80       		.byte	-128
 911 0372 6A       		.byte	106
 912 0373 80       		.byte	-128
ARM GAS  C:\Users\bboucham\AppData\Local\Temp\ccTqSVLF.s 			page 17


 913 0374 6C       		.byte	108
 914 0375 80       		.byte	-128
 915 0376 6E       		.byte	110
 916 0377 80       		.byte	-128
 917 0378 C0       		.byte	-64
 918 0379 24       		.byte	36
 919 037a C9       		.byte	-55
 920 037b FF       		.byte	-1
 921 037c CA       		.byte	-54
 922 037d FF       		.byte	-1
 923 037e CB       		.byte	-53
 924 037f FF       		.byte	-1
 925 0380 CD       		.byte	-51
 926 0381 83       		.byte	-125
 927 0382 CE       		.byte	-50
 928 0383 03       		.byte	3
 929 0384 CF       		.byte	-49
 930 0385 01       		.byte	1
 931 0386 D0       		.byte	-48
 932 0387 18       		.byte	24
 933 0388 DA       		.byte	-38
 934 0389 04       		.byte	4
 935 038a DD       		.byte	-35
 936 038b 09       		.byte	9
 937 038c DF       		.byte	-33
 938 038d 01       		.byte	1
 939 038e E0       		.byte	-32
 940 038f 40       		.byte	64
 941 0390 E2       		.byte	-30
 942 0391 40       		.byte	64
 943 0392 E4       		.byte	-28
 944 0393 40       		.byte	64
 945 0394 E5       		.byte	-27
 946 0395 40       		.byte	64
 947 0396 E6       		.byte	-26
 948 0397 80       		.byte	-128
 949 0398 E8       		.byte	-24
 950 0399 80       		.byte	-128
 951 039a EA       		.byte	-22
 952 039b 80       		.byte	-128
 953 039c EC       		.byte	-20
 954 039d 80       		.byte	-128
 955 039e EE       		.byte	-18
 956 039f 80       		.byte	-128
 957 03a0 06       		.byte	6
 958 03a1 AA       		.byte	-86
 959 03a2 08       		.byte	8
 960 03a3 04       		.byte	4
 961 03a4 0B       		.byte	11
 962 03a5 30       		.byte	48
 963 03a6 0D       		.byte	13
 964 03a7 82       		.byte	-126
 965 03a8 0E       		.byte	14
 966 03a9 20       		.byte	32
 967 03aa 0F       		.byte	15
 968 03ab 04       		.byte	4
 969 03ac 14       		.byte	20
ARM GAS  C:\Users\bboucham\AppData\Local\Temp\ccTqSVLF.s 			page 18


 970 03ad 04       		.byte	4
 971 03ae 17       		.byte	23
 972 03af 05       		.byte	5
 973 03b0 1E       		.byte	30
 974 03b1 40       		.byte	64
 975 03b2 1F       		.byte	31
 976 03b3 10       		.byte	16
 977 03b4 24       		.byte	36
 978 03b5 12       		.byte	18
 979 03b6 25       		.byte	37
 980 03b7 80       		.byte	-128
 981 03b8 26       		.byte	38
 982 03b9 80       		.byte	-128
 983 03ba 27       		.byte	39
 984 03bb 08       		.byte	8
 985 03bc 2C       		.byte	44
 986 03bd 04       		.byte	4
 987 03be 2E       		.byte	46
 988 03bf 82       		.byte	-126
 989 03c0 2F       		.byte	47
 990 03c1 22       		.byte	34
 991 03c2 36       		.byte	54
 992 03c3 94       		.byte	-108
 993 03c4 37       		.byte	55
 994 03c5 05       		.byte	5
 995 03c6 3C       		.byte	60
 996 03c7 20       		.byte	32
 997 03c8 3E       		.byte	62
 998 03c9 2C       		.byte	44
 999 03ca 3F       		.byte	63
 1000 03cb 02       		.byte	2
 1001 03cc 40       		.byte	64
 1002 03cd 08       		.byte	8
 1003 03ce 41       		.byte	65
 1004 03cf 01       		.byte	1
 1005 03d0 44       		.byte	68
 1006 03d1 08       		.byte	8
 1007 03d2 46       		.byte	70
 1008 03d3 01       		.byte	1
 1009 03d4 5D       		.byte	93
 1010 03d5 02       		.byte	2
 1011 03d6 5E       		.byte	94
 1012 03d7 40       		.byte	64
 1013 03d8 5F       		.byte	95
 1014 03d9 28       		.byte	40
 1015 03da 8C       		.byte	-116
 1016 03db 08       		.byte	8
 1017 03dc 92       		.byte	-110
 1018 03dd 04       		.byte	4
 1019 03de 94       		.byte	-108
 1020 03df 10       		.byte	16
 1021 03e0 95       		.byte	-107
 1022 03e1 01       		.byte	1
 1023 03e2 97       		.byte	-105
 1024 03e3 24       		.byte	36
 1025 03e4 9A       		.byte	-102
 1026 03e5 02       		.byte	2
ARM GAS  C:\Users\bboucham\AppData\Local\Temp\ccTqSVLF.s 			page 19


 1027 03e6 9B       		.byte	-101
 1028 03e7 01       		.byte	1
 1029 03e8 9C       		.byte	-100
 1030 03e9 08       		.byte	8
 1031 03ea 9D       		.byte	-99
 1032 03eb 05       		.byte	5
 1033 03ec 9E       		.byte	-98
 1034 03ed 01       		.byte	1
 1035 03ee A0       		.byte	-96
 1036 03ef 12       		.byte	18
 1037 03f0 A1       		.byte	-95
 1038 03f1 02       		.byte	2
 1039 03f2 A2       		.byte	-94
 1040 03f3 10       		.byte	16
 1041 03f4 A3       		.byte	-93
 1042 03f5 21       		.byte	33
 1043 03f6 A6       		.byte	-90
 1044 03f7 84       		.byte	-124
 1045 03f8 C0       		.byte	-64
 1046 03f9 F0       		.byte	-16
 1047 03fa C2       		.byte	-62
 1048 03fb F0       		.byte	-16
 1049 03fc C4       		.byte	-60
 1050 03fd 70       		.byte	112
 1051 03fe CA       		.byte	-54
 1052 03ff F0       		.byte	-16
 1053 0400 CC       		.byte	-52
 1054 0401 F0       		.byte	-16
 1055 0402 CE       		.byte	-50
 1056 0403 E0       		.byte	-32
 1057 0404 D0       		.byte	-48
 1058 0405 35       		.byte	53
 1059 0406 D6       		.byte	-42
 1060 0407 F0       		.byte	-16
 1061 0408 40       		.byte	64
 1062 0409 24       		.byte	36
 1063 040a 45       		.byte	69
 1064 040b EC       		.byte	-20
 1065 040c 47       		.byte	71
 1066 040d 20       		.byte	32
 1067 040e 48       		.byte	72
 1068 040f 23       		.byte	35
 1069 0410 49       		.byte	73
 1070 0411 FF       		.byte	-1
 1071 0412 4A       		.byte	74
 1072 0413 FF       		.byte	-1
 1073 0414 4B       		.byte	75
 1074 0415 FF       		.byte	-1
 1075 0416 4D       		.byte	77
 1076 0417 83       		.byte	-125
 1077 0418 4E       		.byte	78
 1078 0419 03       		.byte	3
 1079 041a 4F       		.byte	79
 1080 041b 01       		.byte	1
 1081 041c 50       		.byte	80
 1082 041d 18       		.byte	24
 1083 041e 5A       		.byte	90
ARM GAS  C:\Users\bboucham\AppData\Local\Temp\ccTqSVLF.s 			page 20


 1084 041f 04       		.byte	4
 1085 0420 5D       		.byte	93
 1086 0421 09       		.byte	9
 1087 0422 5F       		.byte	95
 1088 0423 01       		.byte	1
 1089 0424 60       		.byte	96
 1090 0425 40       		.byte	64
 1091 0426 62       		.byte	98
 1092 0427 40       		.byte	64
 1093 0428 64       		.byte	100
 1094 0429 40       		.byte	64
 1095 042a 65       		.byte	101
 1096 042b 40       		.byte	64
 1097 042c 66       		.byte	102
 1098 042d 80       		.byte	-128
 1099 042e 68       		.byte	104
 1100 042f 80       		.byte	-128
 1101 0430 6A       		.byte	106
 1102 0431 80       		.byte	-128
 1103 0432 6C       		.byte	108
 1104 0433 80       		.byte	-128
 1105 0434 6E       		.byte	110
 1106 0435 80       		.byte	-128
 1107 0436 80       		.byte	-128
 1108 0437 30       		.byte	48
 1109 0438 81       		.byte	-127
 1110 0439 10       		.byte	16
 1111 043a 82       		.byte	-126
 1112 043b 09       		.byte	9
 1113 043c 85       		.byte	-123
 1114 043d 14       		.byte	20
 1115 043e 89       		.byte	-119
 1116 043f 10       		.byte	16
 1117 0440 8B       		.byte	-117
 1118 0441 0C       		.byte	12
 1119 0442 90       		.byte	-112
 1120 0443 02       		.byte	2
 1121 0444 91       		.byte	-111
 1122 0445 1C       		.byte	28
 1123 0446 92       		.byte	-110
 1124 0447 08       		.byte	8
 1125 0448 93       		.byte	-109
 1126 0449 02       		.byte	2
 1127 044a 94       		.byte	-108
 1128 044b 01       		.byte	1
 1129 044c 95       		.byte	-107
 1130 044d 0C       		.byte	12
 1131 044e 96       		.byte	-106
 1132 044f 28       		.byte	40
 1133 0450 97       		.byte	-105
 1134 0451 11       		.byte	17
 1135 0452 98       		.byte	-104
 1136 0453 01       		.byte	1
 1137 0454 9A       		.byte	-102
 1138 0455 18       		.byte	24
 1139 0456 9E       		.byte	-98
 1140 0457 10       		.byte	16
ARM GAS  C:\Users\bboucham\AppData\Local\Temp\ccTqSVLF.s 			page 21


 1141 0458 9F       		.byte	-97
 1142 0459 03       		.byte	3
 1143 045a A2       		.byte	-94
 1144 045b 30       		.byte	48
 1145 045c AC       		.byte	-84
 1146 045d 04       		.byte	4
 1147 045e AD       		.byte	-83
 1148 045f 09       		.byte	9
 1149 0460 AF       		.byte	-81
 1150 0461 10       		.byte	16
 1151 0462 B0       		.byte	-80
 1152 0463 03       		.byte	3
 1153 0464 B1       		.byte	-79
 1154 0465 1F       		.byte	31
 1155 0466 B2       		.byte	-78
 1156 0467 04       		.byte	4
 1157 0468 B4       		.byte	-76
 1158 0469 38       		.byte	56
 1159 046a B8       		.byte	-72
 1160 046b 02       		.byte	2
 1161 046c BA       		.byte	-70
 1162 046d 20       		.byte	32
 1163 046e BE       		.byte	-66
 1164 046f 04       		.byte	4
 1165 0470 C0       		.byte	-64
 1166 0471 65       		.byte	101
 1167 0472 C1       		.byte	-63
 1168 0473 02       		.byte	2
 1169 0474 C5       		.byte	-59
 1170 0475 EC       		.byte	-20
 1171 0476 C7       		.byte	-57
 1172 0477 0B       		.byte	11
 1173 0478 C8       		.byte	-56
 1174 0479 13       		.byte	19
 1175 047a C9       		.byte	-55
 1176 047b FF       		.byte	-1
 1177 047c CA       		.byte	-54
 1178 047d FF       		.byte	-1
 1179 047e CB       		.byte	-53
 1180 047f FF       		.byte	-1
 1181 0480 CE       		.byte	-50
 1182 0481 F0       		.byte	-16
 1183 0482 CF       		.byte	-49
 1184 0483 44       		.byte	68
 1185 0484 D0       		.byte	-48
 1186 0485 0C       		.byte	12
 1187 0486 D8       		.byte	-40
 1188 0487 04       		.byte	4
 1189 0488 D9       		.byte	-39
 1190 0489 04       		.byte	4
 1191 048a DA       		.byte	-38
 1192 048b 04       		.byte	4
 1193 048c DC       		.byte	-36
 1194 048d 11       		.byte	17
 1195 048e DD       		.byte	-35
 1196 048f 01       		.byte	1
 1197 0490 DF       		.byte	-33
ARM GAS  C:\Users\bboucham\AppData\Local\Temp\ccTqSVLF.s 			page 22


 1198 0491 01       		.byte	1
 1199 0492 E6       		.byte	-26
 1200 0493 C0       		.byte	-64
 1201 0494 EA       		.byte	-22
 1202 0495 40       		.byte	64
 1203 0496 EB       		.byte	-21
 1204 0497 02       		.byte	2
 1205 0498 04       		.byte	4
 1206 0499 02       		.byte	2
 1207 049a 05       		.byte	5
 1208 049b 02       		.byte	2
 1209 049c 0C       		.byte	12
 1210 049d 02       		.byte	2
 1211 049e 0E       		.byte	14
 1212 049f 08       		.byte	8
 1213 04a0 0F       		.byte	15
 1214 04a1 12       		.byte	18
 1215 04a2 16       		.byte	22
 1216 04a3 80       		.byte	-128
 1217 04a4 17       		.byte	23
 1218 04a5 40       		.byte	64
 1219 04a6 1D       		.byte	29
 1220 04a7 20       		.byte	32
 1221 04a8 1E       		.byte	30
 1222 04a9 28       		.byte	40
 1223 04aa 1F       		.byte	31
 1224 04ab 02       		.byte	2
 1225 04ac 27       		.byte	39
 1226 04ad 40       		.byte	64
 1227 04ae 2E       		.byte	46
 1228 04af 80       		.byte	-128
 1229 04b0 2F       		.byte	47
 1230 04b1 02       		.byte	2
 1231 04b2 35       		.byte	53
 1232 04b3 02       		.byte	2
 1233 04b4 36       		.byte	54
 1234 04b5 04       		.byte	4
 1235 04b6 37       		.byte	55
 1236 04b7 40       		.byte	64
 1237 04b8 3F       		.byte	63
 1238 04b9 1A       		.byte	26
 1239 04ba 40       		.byte	64
 1240 04bb 08       		.byte	8
 1241 04bc 41       		.byte	65
 1242 04bd 01       		.byte	1
 1243 04be 45       		.byte	69
 1244 04bf 20       		.byte	32
 1245 04c0 49       		.byte	73
 1246 04c1 05       		.byte	5
 1247 04c2 4C       		.byte	76
 1248 04c3 02       		.byte	2
 1249 04c4 4D       		.byte	77
 1250 04c5 01       		.byte	1
 1251 04c6 4F       		.byte	79
 1252 04c7 14       		.byte	20
 1253 04c8 51       		.byte	81
 1254 04c9 01       		.byte	1
ARM GAS  C:\Users\bboucham\AppData\Local\Temp\ccTqSVLF.s 			page 23


 1255 04ca 52       		.byte	82
 1256 04cb 01       		.byte	1
 1257 04cc 57       		.byte	87
 1258 04cd 04       		.byte	4
 1259 04ce 8A       		.byte	-118
 1260 04cf 10       		.byte	16
 1261 04d0 90       		.byte	-112
 1262 04d1 02       		.byte	2
 1263 04d2 93       		.byte	-109
 1264 04d3 10       		.byte	16
 1265 04d4 95       		.byte	-107
 1266 04d5 03       		.byte	3
 1267 04d6 97       		.byte	-105
 1268 04d7 04       		.byte	4
 1269 04d8 98       		.byte	-104
 1270 04d9 08       		.byte	8
 1271 04da 9D       		.byte	-99
 1272 04db 05       		.byte	5
 1273 04dc 9E       		.byte	-98
 1274 04dd 01       		.byte	1
 1275 04de A0       		.byte	-96
 1276 04df 02       		.byte	2
 1277 04e0 A3       		.byte	-93
 1278 04e1 01       		.byte	1
 1279 04e2 A6       		.byte	-90
 1280 04e3 04       		.byte	4
 1281 04e4 A7       		.byte	-89
 1282 04e5 02       		.byte	2
 1283 04e6 A9       		.byte	-87
 1284 04e7 02       		.byte	2
 1285 04e8 AB       		.byte	-85
 1286 04e9 20       		.byte	32
 1287 04ea B1       		.byte	-79
 1288 04eb 02       		.byte	2
 1289 04ec B3       		.byte	-77
 1290 04ed 20       		.byte	32
 1291 04ee C0       		.byte	-64
 1292 04ef 10       		.byte	16
 1293 04f0 C2       		.byte	-62
 1294 04f1 F0       		.byte	-16
 1295 04f2 C4       		.byte	-60
 1296 04f3 90       		.byte	-112
 1297 04f4 CA       		.byte	-54
 1298 04f5 10       		.byte	16
 1299 04f6 CC       		.byte	-52
 1300 04f7 D0       		.byte	-48
 1301 04f8 CE       		.byte	-50
 1302 04f9 E0       		.byte	-32
 1303 04fa D0       		.byte	-48
 1304 04fb 25       		.byte	37
 1305 04fc D2       		.byte	-46
 1306 04fd 30       		.byte	48
 1307 04fe 58       		.byte	88
 1308 04ff 40       		.byte	64
 1309 0500 D4       		.byte	-44
 1310 0501 01       		.byte	1
 1311 0502 84       		.byte	-124
ARM GAS  C:\Users\bboucham\AppData\Local\Temp\ccTqSVLF.s 			page 24


 1312 0503 40       		.byte	64
 1313 0504 9C       		.byte	-100
 1314 0505 40       		.byte	64
 1315 0506 28       		.byte	40
 1316 0507 10       		.byte	16
 1317 0508 2B       		.byte	43
 1318 0509 20       		.byte	32
 1319 050a CA       		.byte	-54
 1320 050b 40       		.byte	64
 1321 050c AC       		.byte	-84
 1322 050d 10       		.byte	16
 1323 050e AF       		.byte	-81
 1324 050f 20       		.byte	32
 1325 0510 EC       		.byte	-20
 1326 0511 50       		.byte	80
 1327 0512 08       		.byte	8
 1328 0513 20       		.byte	32
 1329 0514 8C       		.byte	-116
 1330 0515 20       		.byte	32
 1331 0516 C2       		.byte	-62
 1332 0517 02       		.byte	2
 1333 0518 E2       		.byte	-30
 1334 0519 02       		.byte	2
 1335 051a 75       		.byte	117
 1336 051b 02       		.byte	2
 1337 051c 89       		.byte	-119
 1338 051d 02       		.byte	2
 1339 051e DE       		.byte	-34
 1340 051f 04       		.byte	4
 1341 0520 E0       		.byte	-32
 1342 0521 01       		.byte	1
 1343 0522 00       		.byte	0
 1344 0523 03       		.byte	3
 1345 0524 01       		.byte	1
 1346 0525 01       		.byte	1
 1347 0526 0C       		.byte	12
 1348 0527 03       		.byte	3
 1349 0528 0D       		.byte	13
 1350 0529 01       		.byte	1
 1351 052a 10       		.byte	16
 1352 052b 03       		.byte	3
 1353 052c 11       		.byte	17
 1354 052d 01       		.byte	1
 1355 052e 1B       		.byte	27
 1356 052f 01       		.byte	1
 1357 0530 1C       		.byte	28
 1358 0531 03       		.byte	3
 1359 0532 1D       		.byte	29
 1360 0533 01       		.byte	1
 1361 0534 80       		.byte	-128
 1362 0535 00       		.byte	0
 1363 0536 00       		.byte	0
 1364 0537 80       		.byte	-128
 1365 0538 80       		.byte	-128
 1366 0539 00       		.byte	0
 1367 053a 80       		.byte	-128
 1368 053b 00       		.byte	0
ARM GAS  C:\Users\bboucham\AppData\Local\Temp\ccTqSVLF.s 			page 25


 1369 053c 00       		.byte	0
 1370 053d 00       		.byte	0
 1371 053e 00       		.byte	0
 1372 053f 00       		.byte	0
 1373 0540 40       		.byte	64
 1374 0541 8B       		.byte	-117
 1375 0542 8B       		.byte	-117
 1376 0543 00       		.byte	0
 1377 0544 00       		.byte	0
 1378 0545 00       		.byte	0
 1379 0546 00       		.byte	0
 1380 0547 00       		.byte	0
 1381 0548 01       		.byte	1
 1382 0549 00       		.byte	0
 1383 054a 00       		.byte	0
 1384 054b 01       		.byte	1
 1385 054c 01       		.byte	1
 1386 054d 00       		.byte	0
 1387 054e 01       		.byte	1
 1388 054f 00       		.byte	0
 1389 0550 00       		.byte	0
 1390 0551 00       		.byte	0
 1391 0552 00       		.byte	0
 1392 0553 00       		.byte	0
 1393              		.section	.cywolatch,"a",%progbits
 1394              		.align	2
 1395              		.type	cy_meta_wonvl, %object
 1396              		.size	cy_meta_wonvl, 4
 1397              	cy_meta_wonvl:
 1398 0000 BC       		.byte	-68
 1399 0001 90       		.byte	-112
 1400 0002 AC       		.byte	-84
 1401 0003 AF       		.byte	-81
 1402              		.section	.cycustnvl,"a",%progbits
 1403              		.align	2
 1404              		.type	cy_meta_custnvl, %object
 1405              		.size	cy_meta_custnvl, 4
 1406              	cy_meta_custnvl:
 1407 0000 00       		.byte	0
 1408 0001 00       		.byte	0
 1409 0002 40       		.byte	64
 1410 0003 05       		.byte	5
 1411              		.section	.cymeta,"a",%progbits
 1412              		.align	2
 1413              		.type	cy_metadata, %object
 1414              		.size	cy_metadata, 12
 1415              	cy_metadata:
 1416 0000 00       		.byte	0
 1417 0001 01       		.byte	1
 1418 0002 2E       		.byte	46
 1419 0003 16       		.byte	22
 1420 0004 10       		.byte	16
 1421 0005 69       		.byte	105
 1422 0006 00       		.byte	0
 1423 0007 01       		.byte	1
 1424 0008 00       		.byte	0
 1425 0009 00       		.byte	0
ARM GAS  C:\Users\bboucham\AppData\Local\Temp\ccTqSVLF.s 			page 26


 1426 000a 00       		.byte	0
 1427 000b 00       		.byte	0
 1428              		.section	.cyflashprotect,"a",%progbits
 1429              		.align	2
 1430              		.type	cy_meta_flashprotect, %object
 1431              		.size	cy_meta_flashprotect, 256
 1432              	cy_meta_flashprotect:
 1433 0000 00000000 		.space	256
 1433      00000000 
 1433      00000000 
 1433      00000000 
 1433      00000000 
 1434              		.text
 1435              	.Letext0:
 1436              		.file 1 "c:\\program files (x86)\\cypress\\psoc creator\\4.4\\psoc creator\\import\\gnu\\arm\\5.4.
 1437              		.file 2 "c:\\program files (x86)\\cypress\\psoc creator\\4.4\\psoc creator\\import\\gnu\\arm\\5.4.
 1438              		.file 3 "Generated_Source\\PSoC5\\cymetadata.c"
 1439              		.section	.debug_info,"",%progbits
 1440              	.Ldebug_info0:
 1441 0000 32010000 		.4byte	0x132
 1442 0004 0400     		.2byte	0x4
 1443 0006 00000000 		.4byte	.Ldebug_abbrev0
 1444 000a 04       		.byte	0x4
 1445 000b 01       		.uleb128 0x1
 1446 000c 24000000 		.4byte	.LASF17
 1447 0010 0C       		.byte	0xc
 1448 0011 A9010000 		.4byte	.LASF18
 1449 0015 B2000000 		.4byte	.LASF19
 1450 0019 00000000 		.4byte	.Ldebug_line0
 1451 001d 02       		.uleb128 0x2
 1452 001e 01       		.byte	0x1
 1453 001f 06       		.byte	0x6
 1454 0020 9D010000 		.4byte	.LASF0
 1455 0024 03       		.uleb128 0x3
 1456 0025 00000000 		.4byte	.LASF9
 1457 0029 01       		.byte	0x1
 1458 002a 1D       		.byte	0x1d
 1459 002b 2F000000 		.4byte	0x2f
 1460 002f 02       		.uleb128 0x2
 1461 0030 01       		.byte	0x1
 1462 0031 08       		.byte	0x8
 1463 0032 16000000 		.4byte	.LASF1
 1464 0036 02       		.uleb128 0x2
 1465 0037 02       		.byte	0x2
 1466 0038 05       		.byte	0x5
 1467 0039 8A010000 		.4byte	.LASF2
 1468 003d 02       		.uleb128 0x2
 1469 003e 02       		.byte	0x2
 1470 003f 07       		.byte	0x7
 1471 0040 EF000000 		.4byte	.LASF3
 1472 0044 02       		.uleb128 0x2
 1473 0045 04       		.byte	0x4
 1474 0046 05       		.byte	0x5
 1475 0047 94010000 		.4byte	.LASF4
 1476 004b 02       		.uleb128 0x2
 1477 004c 04       		.byte	0x4
 1478 004d 07       		.byte	0x7
ARM GAS  C:\Users\bboucham\AppData\Local\Temp\ccTqSVLF.s 			page 27


 1479 004e DD000000 		.4byte	.LASF5
 1480 0052 02       		.uleb128 0x2
 1481 0053 08       		.byte	0x8
 1482 0054 05       		.byte	0x5
 1483 0055 7C010000 		.4byte	.LASF6
 1484 0059 02       		.uleb128 0x2
 1485 005a 08       		.byte	0x8
 1486 005b 07       		.byte	0x7
 1487 005c 31010000 		.4byte	.LASF7
 1488 0060 04       		.uleb128 0x4
 1489 0061 04       		.byte	0x4
 1490 0062 05       		.byte	0x5
 1491 0063 696E7400 		.ascii	"int\000"
 1492 0067 02       		.uleb128 0x2
 1493 0068 04       		.byte	0x4
 1494 0069 07       		.byte	0x7
 1495 006a 24010000 		.4byte	.LASF8
 1496 006e 03       		.uleb128 0x3
 1497 006f 48010000 		.4byte	.LASF10
 1498 0073 02       		.byte	0x2
 1499 0074 18       		.byte	0x18
 1500 0075 24000000 		.4byte	0x24
 1501 0079 05       		.uleb128 0x5
 1502 007a 91000000 		.4byte	0x91
 1503 007e 8A000000 		.4byte	0x8a
 1504 0082 06       		.uleb128 0x6
 1505 0083 8A000000 		.4byte	0x8a
 1506 0087 5305     		.2byte	0x553
 1507 0089 00       		.byte	0
 1508 008a 02       		.uleb128 0x2
 1509 008b 04       		.byte	0x4
 1510 008c 07       		.byte	0x7
 1511 008d 73010000 		.4byte	.LASF11
 1512 0091 07       		.uleb128 0x7
 1513 0092 6E000000 		.4byte	0x6e
 1514 0096 08       		.uleb128 0x8
 1515 0097 12010000 		.4byte	.LASF12
 1516 009b 03       		.byte	0x3
 1517 009c 1F       		.byte	0x1f
 1518 009d A7000000 		.4byte	0xa7
 1519 00a1 05       		.uleb128 0x5
 1520 00a2 03       		.byte	0x3
 1521 00a3 00000000 		.4byte	cy_meta_configecc
 1522 00a7 07       		.uleb128 0x7
 1523 00a8 79000000 		.4byte	0x79
 1524 00ac 05       		.uleb128 0x5
 1525 00ad 91000000 		.4byte	0x91
 1526 00b1 BC000000 		.4byte	0xbc
 1527 00b5 09       		.uleb128 0x9
 1528 00b6 8A000000 		.4byte	0x8a
 1529 00ba 03       		.byte	0x3
 1530 00bb 00       		.byte	0
 1531 00bc 08       		.uleb128 0x8
 1532 00bd 02010000 		.4byte	.LASF13
 1533 00c1 03       		.byte	0x3
 1534 00c2 D7       		.byte	0xd7
 1535 00c3 CD000000 		.4byte	0xcd
ARM GAS  C:\Users\bboucham\AppData\Local\Temp\ccTqSVLF.s 			page 28


 1536 00c7 05       		.uleb128 0x5
 1537 00c8 03       		.byte	0x3
 1538 00c9 00000000 		.4byte	cy_meta_custnvl
 1539 00cd 07       		.uleb128 0x7
 1540 00ce AC000000 		.4byte	0xac
 1541 00d2 08       		.uleb128 0x8
 1542 00d3 65010000 		.4byte	.LASF14
 1543 00d7 03       		.byte	0x3
 1544 00d8 E5       		.byte	0xe5
 1545 00d9 E3000000 		.4byte	0xe3
 1546 00dd 05       		.uleb128 0x5
 1547 00de 03       		.byte	0x3
 1548 00df 00000000 		.4byte	cy_meta_wonvl
 1549 00e3 07       		.uleb128 0x7
 1550 00e4 AC000000 		.4byte	0xac
 1551 00e8 05       		.uleb128 0x5
 1552 00e9 91000000 		.4byte	0x91
 1553 00ed F8000000 		.4byte	0xf8
 1554 00f1 09       		.uleb128 0x9
 1555 00f2 8A000000 		.4byte	0x8a
 1556 00f6 FF       		.byte	0xff
 1557 00f7 00       		.byte	0
 1558 00f8 08       		.uleb128 0x8
 1559 00f9 50010000 		.4byte	.LASF15
 1560 00fd 03       		.byte	0x3
 1561 00fe F3       		.byte	0xf3
 1562 00ff 09010000 		.4byte	0x109
 1563 0103 05       		.uleb128 0x5
 1564 0104 03       		.byte	0x3
 1565 0105 00000000 		.4byte	cy_meta_flashprotect
 1566 0109 07       		.uleb128 0x7
 1567 010a E8000000 		.4byte	0xe8
 1568 010e 05       		.uleb128 0x5
 1569 010f 91000000 		.4byte	0x91
 1570 0113 1E010000 		.4byte	0x11e
 1571 0117 09       		.uleb128 0x9
 1572 0118 8A000000 		.4byte	0x8a
 1573 011c 0B       		.byte	0xb
 1574 011d 00       		.byte	0
 1575 011e 0A       		.uleb128 0xa
 1576 011f 0A000000 		.4byte	.LASF16
 1577 0123 03       		.byte	0x3
 1578 0124 2001     		.2byte	0x120
 1579 0126 30010000 		.4byte	0x130
 1580 012a 05       		.uleb128 0x5
 1581 012b 03       		.byte	0x3
 1582 012c 00000000 		.4byte	cy_metadata
 1583 0130 07       		.uleb128 0x7
 1584 0131 0E010000 		.4byte	0x10e
 1585 0135 00       		.byte	0
 1586              		.section	.debug_abbrev,"",%progbits
 1587              	.Ldebug_abbrev0:
 1588 0000 01       		.uleb128 0x1
 1589 0001 11       		.uleb128 0x11
 1590 0002 01       		.byte	0x1
 1591 0003 25       		.uleb128 0x25
 1592 0004 0E       		.uleb128 0xe
ARM GAS  C:\Users\bboucham\AppData\Local\Temp\ccTqSVLF.s 			page 29


 1593 0005 13       		.uleb128 0x13
 1594 0006 0B       		.uleb128 0xb
 1595 0007 03       		.uleb128 0x3
 1596 0008 0E       		.uleb128 0xe
 1597 0009 1B       		.uleb128 0x1b
 1598 000a 0E       		.uleb128 0xe
 1599 000b 10       		.uleb128 0x10
 1600 000c 17       		.uleb128 0x17
 1601 000d 00       		.byte	0
 1602 000e 00       		.byte	0
 1603 000f 02       		.uleb128 0x2
 1604 0010 24       		.uleb128 0x24
 1605 0011 00       		.byte	0
 1606 0012 0B       		.uleb128 0xb
 1607 0013 0B       		.uleb128 0xb
 1608 0014 3E       		.uleb128 0x3e
 1609 0015 0B       		.uleb128 0xb
 1610 0016 03       		.uleb128 0x3
 1611 0017 0E       		.uleb128 0xe
 1612 0018 00       		.byte	0
 1613 0019 00       		.byte	0
 1614 001a 03       		.uleb128 0x3
 1615 001b 16       		.uleb128 0x16
 1616 001c 00       		.byte	0
 1617 001d 03       		.uleb128 0x3
 1618 001e 0E       		.uleb128 0xe
 1619 001f 3A       		.uleb128 0x3a
 1620 0020 0B       		.uleb128 0xb
 1621 0021 3B       		.uleb128 0x3b
 1622 0022 0B       		.uleb128 0xb
 1623 0023 49       		.uleb128 0x49
 1624 0024 13       		.uleb128 0x13
 1625 0025 00       		.byte	0
 1626 0026 00       		.byte	0
 1627 0027 04       		.uleb128 0x4
 1628 0028 24       		.uleb128 0x24
 1629 0029 00       		.byte	0
 1630 002a 0B       		.uleb128 0xb
 1631 002b 0B       		.uleb128 0xb
 1632 002c 3E       		.uleb128 0x3e
 1633 002d 0B       		.uleb128 0xb
 1634 002e 03       		.uleb128 0x3
 1635 002f 08       		.uleb128 0x8
 1636 0030 00       		.byte	0
 1637 0031 00       		.byte	0
 1638 0032 05       		.uleb128 0x5
 1639 0033 01       		.uleb128 0x1
 1640 0034 01       		.byte	0x1
 1641 0035 49       		.uleb128 0x49
 1642 0036 13       		.uleb128 0x13
 1643 0037 01       		.uleb128 0x1
 1644 0038 13       		.uleb128 0x13
 1645 0039 00       		.byte	0
 1646 003a 00       		.byte	0
 1647 003b 06       		.uleb128 0x6
 1648 003c 21       		.uleb128 0x21
 1649 003d 00       		.byte	0
ARM GAS  C:\Users\bboucham\AppData\Local\Temp\ccTqSVLF.s 			page 30


 1650 003e 49       		.uleb128 0x49
 1651 003f 13       		.uleb128 0x13
 1652 0040 2F       		.uleb128 0x2f
 1653 0041 05       		.uleb128 0x5
 1654 0042 00       		.byte	0
 1655 0043 00       		.byte	0
 1656 0044 07       		.uleb128 0x7
 1657 0045 26       		.uleb128 0x26
 1658 0046 00       		.byte	0
 1659 0047 49       		.uleb128 0x49
 1660 0048 13       		.uleb128 0x13
 1661 0049 00       		.byte	0
 1662 004a 00       		.byte	0
 1663 004b 08       		.uleb128 0x8
 1664 004c 34       		.uleb128 0x34
 1665 004d 00       		.byte	0
 1666 004e 03       		.uleb128 0x3
 1667 004f 0E       		.uleb128 0xe
 1668 0050 3A       		.uleb128 0x3a
 1669 0051 0B       		.uleb128 0xb
 1670 0052 3B       		.uleb128 0x3b
 1671 0053 0B       		.uleb128 0xb
 1672 0054 49       		.uleb128 0x49
 1673 0055 13       		.uleb128 0x13
 1674 0056 3F       		.uleb128 0x3f
 1675 0057 19       		.uleb128 0x19
 1676 0058 02       		.uleb128 0x2
 1677 0059 18       		.uleb128 0x18
 1678 005a 00       		.byte	0
 1679 005b 00       		.byte	0
 1680 005c 09       		.uleb128 0x9
 1681 005d 21       		.uleb128 0x21
 1682 005e 00       		.byte	0
 1683 005f 49       		.uleb128 0x49
 1684 0060 13       		.uleb128 0x13
 1685 0061 2F       		.uleb128 0x2f
 1686 0062 0B       		.uleb128 0xb
 1687 0063 00       		.byte	0
 1688 0064 00       		.byte	0
 1689 0065 0A       		.uleb128 0xa
 1690 0066 34       		.uleb128 0x34
 1691 0067 00       		.byte	0
 1692 0068 03       		.uleb128 0x3
 1693 0069 0E       		.uleb128 0xe
 1694 006a 3A       		.uleb128 0x3a
 1695 006b 0B       		.uleb128 0xb
 1696 006c 3B       		.uleb128 0x3b
 1697 006d 05       		.uleb128 0x5
 1698 006e 49       		.uleb128 0x49
 1699 006f 13       		.uleb128 0x13
 1700 0070 3F       		.uleb128 0x3f
 1701 0071 19       		.uleb128 0x19
 1702 0072 02       		.uleb128 0x2
 1703 0073 18       		.uleb128 0x18
 1704 0074 00       		.byte	0
 1705 0075 00       		.byte	0
 1706 0076 00       		.byte	0
ARM GAS  C:\Users\bboucham\AppData\Local\Temp\ccTqSVLF.s 			page 31


 1707              		.section	.debug_aranges,"",%progbits
 1708 0000 14000000 		.4byte	0x14
 1709 0004 0200     		.2byte	0x2
 1710 0006 00000000 		.4byte	.Ldebug_info0
 1711 000a 04       		.byte	0x4
 1712 000b 00       		.byte	0
 1713 000c 0000     		.2byte	0
 1714 000e 0000     		.2byte	0
 1715 0010 00000000 		.4byte	0
 1716 0014 00000000 		.4byte	0
 1717              		.section	.debug_line,"",%progbits
 1718              	.Ldebug_line0:
 1719 0000 3D010000 		.section	.debug_str,"MS",%progbits,1
 1719      02003701 
 1719      00000201 
 1719      FB0E0D00 
 1719      01010101 
 1720              	.LASF9:
 1721 0000 5F5F7569 		.ascii	"__uint8_t\000"
 1721      6E74385F 
 1721      7400
 1722              	.LASF16:
 1723 000a 63795F6D 		.ascii	"cy_metadata\000"
 1723      65746164 
 1723      61746100 
 1724              	.LASF1:
 1725 0016 756E7369 		.ascii	"unsigned char\000"
 1725      676E6564 
 1725      20636861 
 1725      7200
 1726              	.LASF17:
 1727 0024 474E5520 		.ascii	"GNU C11 5.4.1 20160609 (release) [ARM/embedded-5-br"
 1727      43313120 
 1727      352E342E 
 1727      31203230 
 1727      31363036 
 1728 0057 616E6368 		.ascii	"anch revision 237715] -mcpu=cortex-m3 -mthumb -g -O"
 1728      20726576 
 1728      6973696F 
 1728      6E203233 
 1728      37373135 
 1729 008a 67202D66 		.ascii	"g -ffunction-sections -ffat-lto-objects\000"
 1729      66756E63 
 1729      74696F6E 
 1729      2D736563 
 1729      74696F6E 
 1730              	.LASF19:
 1731 00b2 5A3A5C50 		.ascii	"Z:\\PSoC Creator\\Workspace01\\Design01.cydsn\000"
 1731      536F4320 
 1731      43726561 
 1731      746F725C 
 1731      576F726B 
 1732              	.LASF5:
 1733 00dd 6C6F6E67 		.ascii	"long unsigned int\000"
 1733      20756E73 
 1733      69676E65 
 1733      6420696E 
ARM GAS  C:\Users\bboucham\AppData\Local\Temp\ccTqSVLF.s 			page 32


 1733      7400
 1734              	.LASF3:
 1735 00ef 73686F72 		.ascii	"short unsigned int\000"
 1735      7420756E 
 1735      7369676E 
 1735      65642069 
 1735      6E7400
 1736              	.LASF13:
 1737 0102 63795F6D 		.ascii	"cy_meta_custnvl\000"
 1737      6574615F 
 1737      63757374 
 1737      6E766C00 
 1738              	.LASF12:
 1739 0112 63795F6D 		.ascii	"cy_meta_configecc\000"
 1739      6574615F 
 1739      636F6E66 
 1739      69676563 
 1739      6300
 1740              	.LASF8:
 1741 0124 756E7369 		.ascii	"unsigned int\000"
 1741      676E6564 
 1741      20696E74 
 1741      00
 1742              	.LASF7:
 1743 0131 6C6F6E67 		.ascii	"long long unsigned int\000"
 1743      206C6F6E 
 1743      6720756E 
 1743      7369676E 
 1743      65642069 
 1744              	.LASF10:
 1745 0148 75696E74 		.ascii	"uint8_t\000"
 1745      385F7400 
 1746              	.LASF15:
 1747 0150 63795F6D 		.ascii	"cy_meta_flashprotect\000"
 1747      6574615F 
 1747      666C6173 
 1747      6870726F 
 1747      74656374 
 1748              	.LASF14:
 1749 0165 63795F6D 		.ascii	"cy_meta_wonvl\000"
 1749      6574615F 
 1749      776F6E76 
 1749      6C00
 1750              	.LASF11:
 1751 0173 73697A65 		.ascii	"sizetype\000"
 1751      74797065 
 1751      00
 1752              	.LASF6:
 1753 017c 6C6F6E67 		.ascii	"long long int\000"
 1753      206C6F6E 
 1753      6720696E 
 1753      7400
 1754              	.LASF2:
 1755 018a 73686F72 		.ascii	"short int\000"
 1755      7420696E 
 1755      7400
 1756              	.LASF4:
ARM GAS  C:\Users\bboucham\AppData\Local\Temp\ccTqSVLF.s 			page 33


 1757 0194 6C6F6E67 		.ascii	"long int\000"
 1757      20696E74 
 1757      00
 1758              	.LASF0:
 1759 019d 7369676E 		.ascii	"signed char\000"
 1759      65642063 
 1759      68617200 
 1760              	.LASF18:
 1761 01a9 47656E65 		.ascii	"Generated_Source\\PSoC5\\cymetadata.c\000"
 1761      72617465 
 1761      645F536F 
 1761      75726365 
 1761      5C50536F 
 1762              		.ident	"GCC: (GNU Tools for ARM Embedded Processors) 5.4.1 20160609 (release) [ARM/embedded-5-bran
